<?xml version="1.0" encoding="UTF-8"?>
<!-- Generated by org.testng.reporters.JUnitReportReporter -->
<testsuite hostname="Arun" failures="0" tests="1" name="com.internetBanking.testCases.TC_LoginTest_001" time="1.973" errors="0" timestamp="2023-08-15T11:06:23 IST" skipped="0">
  <testcase classname="com.internetBanking.testCases.TC_LoginTest_001" name="loginTest" time="1.973"/>
</testsuite> <!-- com.internetBanking.testCases.TC_LoginTest_001 -->
